<?xml version="1.0" encoding="utf-8"?><testsuite errors="0" failures="0" name="pytest" skipped="0" tests="7" time="4.708"><testcase classname="data-science-2.test_submit" file="data-science-2\test_submit.py" line="3" name="test_q1" time="0.002"><system-out>Statistics=0.996, p_value=0.000
Sample does not look Gaussian (reject H0)
</system-out></testcase><testcase classname="data-science-2.test_submit" file="data-science-2\test_submit.py" line="8" name="test_q2" time="0.002"><system-out>Statistics=13.034, p_value=0.001
Sample does not look Gaussian (reject H0)
</system-out></testcase><testcase classname="data-science-2.test_submit" file="data-science-2\test_submit.py" line="13" name="test_q3" time="0.003"><system-out>Statistics=510.247, p_value=0.000
Sample does not look Gaussian (reject H0)
</system-out></testcase><testcase classname="data-science-2.test_submit" file="data-science-2\test_submit.py" line="18" name="test_q4" time="0.004"><system-out>Statistics=45.915, p_value=0.000
Sample does not look Gaussian (reject H0)
</system-out></testcase><testcase classname="data-science-2.test_submit" file="data-science-2\test_submit.py" line="23" name="test_q5" time="0.005"><system-out>Statistics=-3.223, p_value=0.001
Sample means not look equal (reject H0)
</system-out></testcase><testcase classname="data-science-2.test_submit" file="data-science-2\test_submit.py" line="28" name="test_q6" time="0.005"><system-out>Statistics=0.639, p_value=0.523
Sample means look equal (fail to reject H0)
</system-out></testcase><testcase classname="data-science-2.test_submit" file="data-science-2\test_submit.py" line="33" name="test_q7" time="0.005"><system-out>Statistics=3.517, p_value=0.000
Sample means not look equal (reject H0)
</system-out></testcase></testsuite>