<?xml version="1.0" encoding="utf-8"?><testsuite errors="0" failures="0" name="pytest" skipped="0" tests="4" time="9.047"><testcase classname="data-science-3.test_submit" file="data-science-3\test_submit.py" line="3" name="test_q1" time="0.076"></testcase><testcase classname="data-science-3.test_submit" file="data-science-3\test_submit.py" line="8" name="test_q2" time="0.082"></testcase><testcase classname="data-science-3.test_submit" file="data-science-3\test_submit.py" line="13" name="test_q3" time="0.079"></testcase><testcase classname="data-science-3.test_submit" file="data-science-3\test_submit.py" line="18" name="test_q4" time="0.574"></testcase></testsuite>