<?xml version="1.0" encoding="utf-8"?><testsuite errors="0" failures="0" name="pytest" skipped="0" tests="5" time="5.277"><testcase classname="data-science-1.test_submit" file="data-science-1\test_submit.py" line="3" name="test_q1" time="0.015"></testcase><testcase classname="data-science-1.test_submit" file="data-science-1\test_submit.py" line="9" name="test_q2" time="0.016"></testcase><testcase classname="data-science-1.test_submit" file="data-science-1\test_submit.py" line="15" name="test_q3" time="0.004"></testcase><testcase classname="data-science-1.test_submit" file="data-science-1\test_submit.py" line="21" name="test_q4" time="0.010"></testcase><testcase classname="data-science-1.test_submit" file="data-science-1\test_submit.py" line="27" name="test_q5" time="0.012"></testcase></testsuite>