<?xml version="1.0" encoding="utf-8"?><testsuite errors="0" failures="3" name="pytest" skipped="0" tests="7" time="6.218"><testcase classname="data-science-4.test_submit" file="data-science-4\test_submit.py" line="3" name="test_q1" time="0.000"></testcase><testcase classname="data-science-4.test_submit" file="data-science-4\test_submit.py" line="11" name="test_q2" time="0.017"></testcase><testcase classname="data-science-4.test_submit" file="data-science-4\test_submit.py" line="16" name="test_q3" time="0.008"><failure message="assert 15 == 18
  -15
  +18">E   assert 15 == 18
      -15
      +18</failure></testcase><testcase classname="data-science-4.test_submit" file="data-science-4\test_submit.py" line="21" name="test_q4" time="0.001"><failure message="assert None == -1.047
  -None
  +-1.047">E   assert None == -1.047
      -None
      +-1.047</failure></testcase><testcase classname="data-science-4.test_submit" file="data-science-4\test_submit.py" line="26" name="test_q5" time="0.003"></testcase><testcase classname="data-science-4.test_submit" file="data-science-4\test_submit.py" line="34" name="test_q6" time="0.383"></testcase><testcase classname="data-science-4.test_submit" file="data-science-4\test_submit.py" line="39" name="test_q7" time="0.393"><failure message="assert 3.511 == 8.888
  -3.511
  +8.888">E   assert 3.511 == 8.888
      -3.511
      +8.888</failure></testcase></testsuite>